d:\repos\2dminecraftish\2dminecraft\debug\vc142.pdb
d:\repos\2dminecraftish\2dminecraft\debug\vc142.idb
d:\repos\2dminecraftish\2dminecraft\debug\source.obj
d:\repos\2dminecraftish\2dminecraft\debug\scenedefinition.obj
d:\repos\2dminecraftish\2dminecraft\debug\renderer.obj
d:\repos\2dminecraftish\2dminecraft\debug\item.obj
d:\repos\2dminecraftish\2dminecraft\debug\aabbcollider.obj
d:\repos\2dminecraftish\2dminecraft\debug\gamescene.obj
d:\repos\2dminecraftish\2dminecraft\debug\2dminecraft.exe
d:\repos\2dminecraftish\2dminecraft\debug\2dminecraft.ilk
d:\repos\2dminecraftish\2dminecraft\debug\2dminecraft.pdb
d:\repos\2dminecraftish\2dminecraft\debug\2dminecraft.tlog\cl.command.1.tlog
d:\repos\2dminecraftish\2dminecraft\debug\2dminecraft.tlog\cl.read.1.tlog
d:\repos\2dminecraftish\2dminecraft\debug\2dminecraft.tlog\cl.write.1.tlog
d:\repos\2dminecraftish\2dminecraft\debug\2dminecraft.tlog\link-cvtres.read.1.tlog
d:\repos\2dminecraftish\2dminecraft\debug\2dminecraft.tlog\link-cvtres.write.1.tlog
d:\repos\2dminecraftish\2dminecraft\debug\2dminecraft.tlog\link-rc.read.1.tlog
d:\repos\2dminecraftish\2dminecraft\debug\2dminecraft.tlog\link-rc.write.1.tlog
d:\repos\2dminecraftish\2dminecraft\debug\2dminecraft.tlog\link.23324-cvtres.read.1.tlog
d:\repos\2dminecraftish\2dminecraft\debug\2dminecraft.tlog\link.23324-cvtres.write.1.tlog
d:\repos\2dminecraftish\2dminecraft\debug\2dminecraft.tlog\link.23324-rc.read.1.tlog
d:\repos\2dminecraftish\2dminecraft\debug\2dminecraft.tlog\link.23324-rc.write.1.tlog
d:\repos\2dminecraftish\2dminecraft\debug\2dminecraft.tlog\link.23324.read.1.tlog
d:\repos\2dminecraftish\2dminecraft\debug\2dminecraft.tlog\link.23324.write.1.tlog
d:\repos\2dminecraftish\2dminecraft\debug\2dminecraft.tlog\link.command.1.tlog
d:\repos\2dminecraftish\2dminecraft\debug\2dminecraft.tlog\link.read.1.tlog
d:\repos\2dminecraftish\2dminecraft\debug\2dminecraft.tlog\link.write.1.tlog
